<?xml version="1.0" encoding="UTF-8"?>
<!-- Generated by org.testng.reporters.JUnitXMLReporter -->
<testsuite ignored="0" hostname="LAPTOP-MQ7POIOU" failures="0" tests="4" name="Default test" time="8.815" errors="0" timestamp="2024-05-02T12:18:52 IST">
  <testcase classname="MyRequests" name="JsonServer" time="2.401"/>
  <testcase classname="MyRequests" name="RequestSpecification" time="0.987"/>
  <testcase classname="MyRequests" name="deleteRequest" time="1.323"/>
  <testcase classname="MyRequests" name="putRequest" time="4.028"/>
</testsuite> <!-- Default test -->
