<?xml version="1.0" encoding="UTF-8"?>
<testng-results ignored="0" total="4" passed="4" failed="0" skipped="0">
  <reporter-output>
  </reporter-output>
  <suite started-at="2024-05-02T12:18:43 IST" name="Default suite" finished-at="2024-05-02T12:18:52 IST" duration-ms="8815">
    <groups>
    </groups>
    <test started-at="2024-05-02T12:18:43 IST" name="Default test" finished-at="2024-05-02T12:18:52 IST" duration-ms="8815">
      <class name="MyRequests">
        <test-method signature="JsonServer()[pri:0, instance:MyRequests@3a44431a]" started-at="2024-05-02T12:18:43 IST" name="JsonServer" finished-at="2024-05-02T12:18:45 IST" duration-ms="2401" status="PASS">
          <reporter-output>
          </reporter-output>
        </test-method> <!-- JsonServer -->
        <test-method signature="RequestSpecification()[pri:0, instance:MyRequests@3a44431a]" started-at="2024-05-02T12:18:45 IST" name="RequestSpecification" finished-at="2024-05-02T12:18:46 IST" duration-ms="987" status="PASS">
          <reporter-output>
          </reporter-output>
        </test-method> <!-- RequestSpecification -->
        <test-method signature="deleteRequest()[pri:0, instance:MyRequests@3a44431a]" started-at="2024-05-02T12:18:46 IST" name="deleteRequest" finished-at="2024-05-02T12:18:48 IST" duration-ms="1323" status="PASS">
          <reporter-output>
          </reporter-output>
        </test-method> <!-- deleteRequest -->
        <test-method signature="putRequest()[pri:1, instance:MyRequests@3a44431a]" started-at="2024-05-02T12:18:48 IST" name="putRequest" finished-at="2024-05-02T12:18:52 IST" duration-ms="4028" status="PASS">
          <reporter-output>
          </reporter-output>
        </test-method> <!-- putRequest -->
      </class> <!-- MyRequests -->
    </test> <!-- Default test -->
  </suite> <!-- Default suite -->
</testng-results>
