<?xml version="1.0" encoding="UTF-8"?>
<testng-results ignored="0" total="1" passed="1" failed="0" skipped="0">
  <reporter-output>
  </reporter-output>
  <suite started-at="2023-10-13T13:56:42 IST" name="Default suite" finished-at="2023-10-13T13:56:46 IST" duration-ms="4263">
    <groups>
    </groups>
    <test started-at="2023-10-13T13:56:42 IST" name="Default test" finished-at="2023-10-13T13:56:46 IST" duration-ms="4263">
      <class name="MyRequests">
        <test-method signature="putRequest()[pri:1, instance:MyRequests@2ea41516]" started-at="2023-10-13T13:56:42 IST" name="putRequest" finished-at="2023-10-13T13:56:46 IST" duration-ms="4215" status="PASS">
          <reporter-output>
          </reporter-output>
        </test-method> <!-- putRequest -->
      </class> <!-- MyRequests -->
    </test> <!-- Default test -->
  </suite> <!-- Default suite -->
</testng-results>
